{"total": {"lines":{"total":3563,"covered":867,"skipped":0,"pct":24.33},"statements":{"total":4282,"covered":981,"skipped":0,"pct":22.9},"functions":{"total":761,"covered":218,"skipped":0,"pct":28.64},"branches":{"total":3885,"covered":972,"skipped":0,"pct":25.01},"branchesTrue":{"total":0,"covered":0,"skipped":0,"pct":100}}
,"C:\\Users\\RafaelAllendesPerez\\.gemini\\antigravity\\scratch\\Entrenador_App\\src\\services\\appMaintenance.ts": {"lines":{"total":47,"covered":0,"skipped":0,"pct":0},"functions":{"total":11,"covered":0,"skipped":0,"pct":0},"statements":{"total":50,"covered":0,"skipped":0,"pct":0},"branches":{"total":27,"covered":0,"skipped":0,"pct":0}}
,"C:\\Users\\RafaelAllendesPerez\\.gemini\\antigravity\\scratch\\Entrenador_App\\src\\services\\auth.ts": {"lines":{"total":5,"covered":0,"skipped":0,"pct":0},"functions":{"total":0,"covered":0,"skipped":0,"pct":100},"statements":{"total":5,"covered":0,"skipped":0,"pct":0},"branches":{"total":8,"covered":0,"skipped":0,"pct":0}}
,"C:\\Users\\RafaelAllendesPerez\\.gemini\\antigravity\\scratch\\Entrenador_App\\src\\services\\dataExport.ts": {"lines":{"total":347,"covered":0,"skipped":0,"pct":0},"functions":{"total":108,"covered":0,"skipped":0,"pct":0},"statements":{"total":424,"covered":0,"skipped":0,"pct":0},"branches":{"total":215,"covered":0,"skipped":0,"pct":0}}
,"C:\\Users\\RafaelAllendesPerez\\.gemini\\antigravity\\scratch\\Entrenador_App\\src\\services\\loadAnalytics.ts": {"lines":{"total":204,"covered":115,"skipped":0,"pct":56.37},"functions":{"total":40,"covered":26,"skipped":0,"pct":65},"statements":{"total":229,"covered":125,"skipped":0,"pct":54.58},"branches":{"total":144,"covered":80,"skipped":0,"pct":55.55}}
,"C:\\Users\\RafaelAllendesPerez\\.gemini\\antigravity\\scratch\\Entrenador_App\\src\\services\\macroPlan.ts": {"lines":{"total":37,"covered":32,"skipped":0,"pct":86.48},"functions":{"total":9,"covered":9,"skipped":0,"pct":100},"statements":{"total":47,"covered":42,"skipped":0,"pct":89.36},"branches":{"total":33,"covered":28,"skipped":0,"pct":84.84}}
,"C:\\Users\\RafaelAllendesPerez\\.gemini\\antigravity\\scratch\\Entrenador_App\\src\\services\\notifications.ts": {"lines":{"total":98,"covered":0,"skipped":0,"pct":0},"functions":{"total":34,"covered":0,"skipped":0,"pct":0},"statements":{"total":119,"covered":0,"skipped":0,"pct":0},"branches":{"total":71,"covered":0,"skipped":0,"pct":0}}
,"C:\\Users\\RafaelAllendesPerez\\.gemini\\antigravity\\scratch\\Entrenador_App\\src\\services\\nutritionEngine.ts": {"lines":{"total":45,"covered":0,"skipped":0,"pct":0},"functions":{"total":13,"covered":0,"skipped":0,"pct":0},"statements":{"total":58,"covered":0,"skipped":0,"pct":0},"branches":{"total":49,"covered":0,"skipped":0,"pct":0}}
,"C:\\Users\\RafaelAllendesPerez\\.gemini\\antigravity\\scratch\\Entrenador_App\\src\\services\\pdfImport.ts": {"lines":{"total":108,"covered":0,"skipped":0,"pct":0},"functions":{"total":22,"covered":0,"skipped":0,"pct":0},"statements":{"total":119,"covered":0,"skipped":0,"pct":0},"branches":{"total":75,"covered":0,"skipped":0,"pct":0}}
,"C:\\Users\\RafaelAllendesPerez\\.gemini\\antigravity\\scratch\\Entrenador_App\\src\\services\\progressionInsights.ts": {"lines":{"total":137,"covered":118,"skipped":0,"pct":86.13},"functions":{"total":40,"covered":38,"skipped":0,"pct":95},"statements":{"total":168,"covered":134,"skipped":0,"pct":79.76},"branches":{"total":178,"covered":122,"skipped":0,"pct":68.53}}
,"C:\\Users\\RafaelAllendesPerez\\.gemini\\antigravity\\scratch\\Entrenador_App\\src\\services\\protocolEngine.ts": {"lines":{"total":108,"covered":92,"skipped":0,"pct":85.18},"functions":{"total":22,"covered":20,"skipped":0,"pct":90.9},"statements":{"total":119,"covered":97,"skipped":0,"pct":81.51},"branches":{"total":147,"covered":89,"skipped":0,"pct":60.54}}
,"C:\\Users\\RafaelAllendesPerez\\.gemini\\antigravity\\scratch\\Entrenador_App\\src\\services\\syncService.ts": {"lines":{"total":498,"covered":0,"skipped":0,"pct":0},"functions":{"total":106,"covered":0,"skipped":0,"pct":0},"statements":{"total":557,"covered":0,"skipped":0,"pct":0},"branches":{"total":356,"covered":0,"skipped":0,"pct":0}}
,"C:\\Users\\RafaelAllendesPerez\\.gemini\\antigravity\\scratch\\Entrenador_App\\src\\services\\syncUtils.ts": {"lines":{"total":48,"covered":40,"skipped":0,"pct":83.33},"functions":{"total":15,"covered":15,"skipped":0,"pct":100},"statements":{"total":62,"covered":46,"skipped":0,"pct":74.19},"branches":{"total":88,"covered":52,"skipped":0,"pct":59.09}}
,"C:\\Users\\RafaelAllendesPerez\\.gemini\\antigravity\\scratch\\Entrenador_App\\src\\services\\trainingProtocols.ts": {"lines":{"total":9,"covered":0,"skipped":0,"pct":0},"functions":{"total":3,"covered":0,"skipped":0,"pct":0},"statements":{"total":9,"covered":0,"skipped":0,"pct":0},"branches":{"total":10,"covered":0,"skipped":0,"pct":0}}
,"C:\\Users\\RafaelAllendesPerez\\.gemini\\antigravity\\scratch\\Entrenador_App\\src\\services\\ai\\CoachEngine.ts": {"lines":{"total":40,"covered":0,"skipped":0,"pct":0},"functions":{"total":10,"covered":0,"skipped":0,"pct":0},"statements":{"total":41,"covered":0,"skipped":0,"pct":0},"branches":{"total":47,"covered":0,"skipped":0,"pct":0}}
,"C:\\Users\\RafaelAllendesPerez\\.gemini\\antigravity\\scratch\\Entrenador_App\\src\\services\\ai\\contextOptimizer.ts": {"lines":{"total":85,"covered":0,"skipped":0,"pct":0},"functions":{"total":22,"covered":0,"skipped":0,"pct":0},"statements":{"total":105,"covered":0,"skipped":0,"pct":0},"branches":{"total":86,"covered":0,"skipped":0,"pct":0}}
,"C:\\Users\\RafaelAllendesPerez\\.gemini\\antigravity\\scratch\\Entrenador_App\\src\\services\\ai\\promptBuilder.ts": {"lines":{"total":867,"covered":0,"skipped":0,"pct":0},"functions":{"total":131,"covered":0,"skipped":0,"pct":0},"statements":{"total":1029,"covered":0,"skipped":0,"pct":0},"branches":{"total":938,"covered":0,"skipped":0,"pct":0}}
,"C:\\Users\\RafaelAllendesPerez\\.gemini\\antigravity\\scratch\\Entrenador_App\\src\\services\\ai\\responseNormalizer.ts": {"lines":{"total":99,"covered":0,"skipped":0,"pct":0},"functions":{"total":9,"covered":0,"skipped":0,"pct":0},"statements":{"total":133,"covered":0,"skipped":0,"pct":0},"branches":{"total":166,"covered":0,"skipped":0,"pct":0}}
,"C:\\Users\\RafaelAllendesPerez\\.gemini\\antigravity\\scratch\\Entrenador_App\\src\\services\\ai\\types.ts": {"lines":{"total":6,"covered":0,"skipped":0,"pct":0},"functions":{"total":2,"covered":0,"skipped":0,"pct":0},"statements":{"total":6,"covered":0,"skipped":0,"pct":0},"branches":{"total":2,"covered":0,"skipped":0,"pct":0}}
,"C:\\Users\\RafaelAllendesPerez\\.gemini\\antigravity\\scratch\\Entrenador_App\\src\\services\\training\\drillLibrary.ts": {"lines":{"total":28,"covered":26,"skipped":0,"pct":92.85},"functions":{"total":6,"covered":5,"skipped":0,"pct":83.33},"statements":{"total":46,"covered":39,"skipped":0,"pct":84.78},"branches":{"total":42,"covered":34,"skipped":0,"pct":80.95}}
,"C:\\Users\\RafaelAllendesPerez\\.gemini\\antigravity\\scratch\\Entrenador_App\\src\\services\\training\\drillSelector.ts": {"lines":{"total":211,"covered":134,"skipped":0,"pct":63.5},"functions":{"total":49,"covered":28,"skipped":0,"pct":57.14},"statements":{"total":253,"covered":143,"skipped":0,"pct":56.52},"branches":{"total":301,"covered":151,"skipped":0,"pct":50.16}}
,"C:\\Users\\RafaelAllendesPerez\\.gemini\\antigravity\\scratch\\Entrenador_App\\src\\services\\training\\exerciseLibrary.ts": {"lines":{"total":19,"covered":12,"skipped":0,"pct":63.15},"functions":{"total":7,"covered":5,"skipped":0,"pct":71.42},"statements":{"total":26,"covered":16,"skipped":0,"pct":61.53},"branches":{"total":21,"covered":12,"skipped":0,"pct":57.14}}
,"C:\\Users\\RafaelAllendesPerez\\.gemini\\antigravity\\scratch\\Entrenador_App\\src\\services\\training\\runningSelector.ts": {"lines":{"total":197,"covered":118,"skipped":0,"pct":59.89},"functions":{"total":32,"covered":23,"skipped":0,"pct":71.87},"statements":{"total":250,"covered":130,"skipped":0,"pct":52},"branches":{"total":323,"covered":154,"skipped":0,"pct":47.67}}
,"C:\\Users\\RafaelAllendesPerez\\.gemini\\antigravity\\scratch\\Entrenador_App\\src\\services\\training\\runningSessionLibrary.ts": {"lines":{"total":4,"covered":1,"skipped":0,"pct":25},"functions":{"total":4,"covered":0,"skipped":0,"pct":0},"statements":{"total":5,"covered":1,"skipped":0,"pct":20},"branches":{"total":0,"covered":0,"skipped":0,"pct":100}}
,"C:\\Users\\RafaelAllendesPerez\\.gemini\\antigravity\\scratch\\Entrenador_App\\src\\services\\training\\strengthSelector.ts": {"lines":{"total":316,"covered":179,"skipped":0,"pct":56.64},"functions":{"total":66,"covered":49,"skipped":0,"pct":74.24},"statements":{"total":422,"covered":208,"skipped":0,"pct":49.28},"branches":{"total":558,"covered":250,"skipped":0,"pct":44.8}}
}
